  2025-01-11 07:29:25 Illuminate\Bus\ChainedBatch .................................................................................................................. RUNNING
  2025-01-11 07:29:25 Illuminate\Bus\ChainedBatch ............................................................................................................. 48.34ms DONE
  2025-01-11 07:29:25 Filament\Actions\Exports\Jobs\PrepareCsvExport ............................................................................................... RUNNING
  2025-01-11 07:29:25 Filament\Actions\Exports\Jobs\PrepareCsvExport .......................................................................................... 41.82ms DONE
  2025-01-11 07:29:25 Filament\Actions\Exports\Jobs\ExportCsv ...................................................................................................... RUNNING
  2025-01-11 07:29:25 Filament\Actions\Exports\Jobs\ExportCsv ................................................................................................. 37.56ms DONE
  2025-01-11 07:29:25 Filament\Actions\Exports\Jobs\ExportCsv ...................................................................................................... RUNNING
  2025-01-11 07:29:25 Filament\Actions\Exports\Jobs\ExportCsv ................................................................................................. 22.98ms DONE
  2025-01-11 07:29:25 Filament\Actions\Exports\Jobs\ExportCsv ...................................................................................................... RUNNING
  2025-01-11 07:29:25 Filament\Actions\Exports\Jobs\ExportCsv ................................................................................................. 20.73ms DONE
  2025-01-11 07:29:25 Filament\Actions\Exports\Jobs\ExportCsv ...................................................................................................... RUNNING
  2025-01-11 07:29:25 Filament\Actions\Exports\Jobs\ExportCsv ................................................................................................. 21.05ms DONE
  2025-01-11 07:29:25 Filament\Actions\Exports\Jobs\ExportCsv ...................................................................................................... RUNNING
  2025-01-11 07:29:25 Filament\Actions\Exports\Jobs\ExportCsv ................................................................................................. 20.63ms DONE
  2025-01-11 07:29:25 Filament\Actions\Exports\Jobs\ExportCsv ...................................................................................................... RUNNING
  2025-01-11 07:29:25 Filament\Actions\Exports\Jobs\ExportCsv ................................................................................................. 21.11ms DONE
  2025-01-11 07:29:25 Filament\Actions\Exports\Jobs\ExportCsv ...................................................................................................... RUNNING
  2025-01-11 07:29:25 Filament\Actions\Exports\Jobs\ExportCsv ................................................................................................. 21.89ms DONE
  2025-01-11 07:29:25 Filament\Actions\Exports\Jobs\ExportCsv ...................................................................................................... RUNNING
  2025-01-11 07:29:25 Filament\Actions\Exports\Jobs\ExportCsv ................................................................................................. 20.85ms DONE
  2025-01-11 07:29:25 Filament\Actions\Exports\Jobs\ExportCsv ...................................................................................................... RUNNING
  2025-01-11 07:29:25 Filament\Actions\Exports\Jobs\ExportCsv ................................................................................................. 20.59ms DONE
  2025-01-11 07:29:25 Filament\Actions\Exports\Jobs\ExportCsv ...................................................................................................... RUNNING
  2025-01-11 07:29:25 Filament\Actions\Exports\Jobs\ExportCsv ................................................................................................. 20.24ms DONE
  2025-01-11 07:29:25 Filament\Actions\Exports\Jobs\ExportCsv ...................................................................................................... RUNNING
  2025-01-11 07:29:25 Filament\Actions\Exports\Jobs\ExportCsv ................................................................................................. 22.88ms DONE
  2025-01-11 07:29:25 Filament\Actions\Exports\Jobs\ExportCsv ...................................................................................................... RUNNING
  2025-01-11 07:29:25 Filament\Actions\Exports\Jobs\ExportCsv ................................................................................................. 23.55ms DONE
  2025-01-11 07:29:25 Filament\Actions\Exports\Jobs\ExportCsv ...................................................................................................... RUNNING
  2025-01-11 07:29:25 Filament\Actions\Exports\Jobs\ExportCsv ................................................................................................. 21.13ms DONE
  2025-01-11 07:29:25 Filament\Actions\Exports\Jobs\ExportCsv ...................................................................................................... RUNNING
  2025-01-11 07:29:25 Filament\Actions\Exports\Jobs\ExportCsv ................................................................................................. 23.71ms DONE
  2025-01-11 07:29:25 Filament\Actions\Exports\Jobs\ExportCompletion ............................................................................................... RUNNING
  2025-01-11 07:29:25 Filament\Actions\Exports\Jobs\ExportCompletion .......................................................................................... 33.11ms DONE
  2025-01-11 07:29:25 Filament\Notifications\DatabaseNotification .................................................................................................. RUNNING
  2025-01-11 07:29:25 Filament\Notifications\DatabaseNotification .............................................................................................. 8.43ms DONE
  2025-01-11 07:29:25 Filament\Notifications\Events\DatabaseNotificationsSent ...................................................................................... RUNNING
  2025-01-11 07:29:25 Filament\Notifications\Events\DatabaseNotificationsSent ................................................................................. 12.53ms DONE
  2025-01-11 07:29:25 Filament\Actions\Exports\Jobs\CreateXlsxFile ................................................................................................. RUNNING
  2025-01-11 07:29:26 Filament\Actions\Exports\Jobs\CreateXlsxFile ........................................................................................... 138.68ms DONE

                                   
  The "-d" option does not exist.  
                                   

